

*******************************************************************************
Wed Oct  1 17:19:56 2014


FIT:    data read from 'messung2.dat' u (2*pi*$1/1000):4:(0.01)
        format = x:z:s
        #datapoints = 16
function used for fitting: f(x)
fitted parameters initialized with current variable values



 Iteration 0
 WSSR        : 9.53566e+07       delta(WSSR)/WSSR   : 0
 delta(WSSR) : 0                 limit for stopping : 1e-05
 lambda	  : 108.169

initial set of free parameter values

C               = 1

After 24 iterations the fit converged.
final sum of squares of residuals : 6.2348e+07
rel. change during last iteration : -1.84259e-06

degrees of freedom    (FIT_NDF)                        : 15
rms of residuals      (FIT_STDFIT) = sqrt(WSSR/ndf)    : 2038.76
variance of residuals (reduced chisquare) = WSSR/ndf   : 4.15653e+06

Final set of parameters            Asymptotic Standard Error
=======================            ==========================

C               = 0.0700998        +/- 0.02315      (33.03%)


correlation matrix of the fit parameters:

               C      
C               1.000 


*******************************************************************************
Wed Oct  1 17:20:33 2014


FIT:    data read from 'messung2.dat' u (2*pi*$1/1000/$3):4:(0.01)
        format = x:z:s
        #datapoints = 16
function used for fitting: f(x)
fitted parameters initialized with current variable values



 Iteration 0
 WSSR        : 4.54883e+06       delta(WSSR)/WSSR   : 0
 delta(WSSR) : 0                 limit for stopping : 1e-05
 lambda	  : 2089.06

initial set of free parameter values

C               = 1

After 3 iterations the fit converged.
final sum of squares of residuals : 2.13241e+06
rel. change during last iteration : -9.74093e-06

degrees of freedom    (FIT_NDF)                        : 15
rms of residuals      (FIT_STDFIT) = sqrt(WSSR/ndf)    : 377.042
variance of residuals (reduced chisquare) = WSSR/ndf   : 142161

Final set of parameters            Asymptotic Standard Error
=======================            ==========================

C               = 0.843284         +/- 0.03209      (3.805%)


correlation matrix of the fit parameters:

               C      
C               1.000 


*******************************************************************************
Wed Oct  1 17:28:06 2014


FIT:    data read from 'messung2.dat' u (2*pi*$1/1000/$5):4:(0.01)
        format = x:z:s
        #datapoints = 16
function used for fitting: f(x)
fitted parameters initialized with current variable values



 Iteration 0
 WSSR        : 6.28547e+07       delta(WSSR)/WSSR   : 0
 delta(WSSR) : 0                 limit for stopping : 1e-05
 lambda	  : 4483.94

initial set of free parameter values

C               = 1

After 5 iterations the fit converged.
final sum of squares of residuals : 3565.2
rel. change during last iteration : -8.2805e-08

degrees of freedom    (FIT_NDF)                        : 15
rms of residuals      (FIT_STDFIT) = sqrt(WSSR/ndf)    : 15.4169
variance of residuals (reduced chisquare) = WSSR/ndf   : 237.68

Final set of parameters            Asymptotic Standard Error
=======================            ==========================

C               = 1.79074          +/- 0.002756     (0.1539%)


correlation matrix of the fit parameters:

               C      
C               1.000 
